2019-02-20 18:35:09 info [AccountRegistrationPage.js]: Redirected to url
2019-02-20 18:35:14 info [AccountRegistrationPage.js]: Join now completed
2019-02-20 18:35:17 info [AccountRegistrationPage.js]: User details enterted
2019-02-20 18:35:18 info [AccountLoginPage.js]: Redirected to url
2019-02-20 18:35:23 info [AccountLoginPage.js]: logged in
2019-02-20 18:35:24 info [AccountLoginPage.js]: user details enterted
2019-02-21 12:21:35 info [AccountLoginPage.js]: Redirected to url
2019-02-21 12:21:43 info [AccountLoginPage.js]: logged in
2019-02-21 12:21:46 info [AccountLoginPage.js]: user details enterted
2019-02-21 12:22:15 info [AccountRegistrationPage.js]: Redirected to url
2019-02-21 12:22:23 info [AccountRegistrationPage.js]: Join now completed
2019-02-21 12:22:32 info [AccountRegistrationPage.js]: User details enterted
2019-02-21 12:32:40 info [AccountLoginPage.js]: Redirected to url
2019-02-21 12:32:48 info [AccountLoginPage.js]: logged in
2019-02-21 12:32:51 info [AccountLoginPage.js]: user details enterted
2019-02-21 12:33:04 info [AccountRegistrationPage.js]: Redirected to url
2019-02-21 12:33:13 info [AccountRegistrationPage.js]: Join now completed
2019-02-21 12:33:21 info [AccountRegistrationPage.js]: User details enterted
2019-02-21 13:39:26 info [AccountRegistrationPage.js]: Redirected to url
2019-02-21 13:39:37 info [AccountRegistrationPage.js]: Join now completed
2019-02-21 13:39:46 info [AccountRegistrationPage.js]: User details enterted
2019-02-21 13:39:50 info [AccountLoginPage.js]: Redirected to url
2019-02-21 13:40:08 info [AccountLoginPage.js]: logged in
2019-02-21 13:40:10 info [AccountLoginPage.js]: user details enterted
2019-02-21 13:45:14 info [AccountRegistrationPage.js]: Redirected to url
2019-02-21 13:45:24 info [AccountRegistrationPage.js]: Join now completed
2019-02-21 13:45:31 info [AccountRegistrationPage.js]: User details enterted
2019-02-21 13:45:35 info [AccountLoginPage.js]: Redirected to url
2019-02-21 13:45:47 info [AccountLoginPage.js]: logged in
2019-02-21 13:45:48 info [AccountLoginPage.js]: user details enterted
2019-02-21 13:47:11 info [AccountRegistrationPage.js]: Redirected to url
2019-02-21 13:47:16 info [AccountRegistrationPage.js]: Join now completed
2019-02-21 13:47:22 info [AccountRegistrationPage.js]: User details enterted
2019-02-21 13:47:25 info [AccountLoginPage.js]: Redirected to url
2019-02-21 13:47:36 info [AccountLoginPage.js]: logged in
2019-02-21 13:47:38 info [AccountLoginPage.js]: user details enterted
2019-02-21 14:38:01 info [AccountRegistrationPage.js]: Redirected to url
2019-02-21 14:38:09 info [AccountRegistrationPage.js]: Join now completed
2019-02-21 14:38:16 info [AccountRegistrationPage.js]: User details enterted
2019-02-21 14:38:20 info [AccountLoginPage.js]: Redirected to url
2019-02-21 14:38:29 info [AccountLoginPage.js]: logged in
2019-02-21 14:38:32 info [AccountLoginPage.js]: user details enterted
2019-02-21 14:43:06 info [AccountRegistrationPage.js]: Redirected to url
2019-02-21 14:43:12 info [AccountRegistrationPage.js]: Join now completed
2019-02-21 14:43:18 info [AccountRegistrationPage.js]: User details enterted
2019-02-21 14:43:22 info [AccountLoginPage.js]: Redirected to url
2019-02-21 14:43:33 info [AccountLoginPage.js]: logged in
2019-02-21 14:43:37 info [AccountLoginPage.js]: user details enterted
2019-02-21 16:19:28 info [AccountRegistrationPage.js]: Redirected to url
2019-02-21 16:19:43 info [AccountRegistrationPage.js]: undefined
2019-02-21 16:20:20 info [AccountLoginPage.js]: Redirected to url
2019-02-21 16:20:37 info [AccountLoginPage.js]: logged in
2019-02-21 16:20:42 info [AccountLoginPage.js]: user details enterted
2019-02-21 16:21:44 info [AccountRegistrationPage.js]: Redirected to url
2019-02-21 16:21:52 info [AccountRegistrationPage.js]: undefined
2019-02-21 16:22:25 info [AccountLoginPage.js]: Redirected to url
2019-02-21 16:22:39 info [AccountLoginPage.js]: logged in
2019-02-21 16:22:43 info [AccountLoginPage.js]: user details enterted
2019-02-21 16:23:31 info [AccountRegistrationPage.js]: Redirected to url
2019-02-21 16:23:39 info [AccountRegistrationPage.js]: Join now completed
2019-02-21 16:23:47 info [AccountRegistrationPage.js]: User details enterted
2019-02-21 16:23:52 info [AccountLoginPage.js]: Redirected to url
2019-02-21 16:24:00 info [AccountLoginPage.js]: logged in
2019-02-21 16:24:03 info [AccountLoginPage.js]: user details enterted
